<?xml version="1.0" encoding="UTF-8"?>
<!-- Generated by org.testng.reporters.JUnitReportReporter -->
<testsuite hostname="DESKTOP-EI1MF8H" failures="0" tests="1" name="com.automationtask.testcases.UserJourney" time="91.415" errors="0" timestamp="17 Feb 2022 11:04:26 GMT" skipped="0">
  <testcase classname="com.automationtask.testcases.UserJourney" name="purchase" time="91.415"/>
</testsuite> <!-- com.automationtask.testcases.UserJourney -->
