<?xml version="1.0" encoding="UTF-8"?>
<!-- Generated by org.testng.reporters.JUnitReportReporter -->
<testsuite hostname="DESKTOP-EI1MF8H" failures="0" tests="1" name="com.automationtask.testcases.SignUp" time="31.578" errors="0" timestamp="17 Feb 2022 08:46:03 GMT" skipped="0">
  <testcase classname="com.automationtask.testcases.SignUp" name="signup" time="31.578"/>
</testsuite> <!-- com.automationtask.testcases.SignUp -->
