<?xml version="1.0" encoding="UTF-8"?>
<!-- Generated by org.testng.reporters.JUnitReportReporter -->
<testsuite hostname="DESKTOP-EI1MF8H" failures="0" tests="1" name="com.automationtask.testcases.Login" time="18.228" errors="0" timestamp="17 Feb 2022 09:19:36 GMT" skipped="0">
  <testcase classname="com.automationtask.testcases.Login" name="login" time="18.228"/>
</testsuite> <!-- com.automationtask.testcases.Login -->
